npm verbose cli C:\Program Files\nodejs\node.exe C:\Users\bruno\AppData\Roaming\npm\node_modules\npm\bin\npm-cli.js
npm info using npm@10.8.1
npm info using node@v20.12.1
npm verbose title npm install
npm verbose argv "install" "--legacy-peer-deps" "--loglevel" "verbose"
npm verbose logfile logs-max:10 dir:C:\Users\bruno\AppData\Local\npm-cache\_logs\2024-08-09T03_20_11_221Z-
npm verbose logfile C:\Users\bruno\AppData\Local\npm-cache\_logs\2024-08-09T03_20_11_221Z-debug-0.log
npm http fetch GET 200 https://registry.npmjs.org/@faker-js%2ffaker 496ms (cache revalidated)
npm http fetch GET 200 https://registry.npmjs.org/cypress-mochawesome-reporter 609ms (cache revalidated)
npm http fetch GET 200 https://registry.npmjs.org/browserstack-cypress-cli 113ms (cache revalidated)
npm http fetch GET 200 https://registry.npmjs.org/cypress 55ms (cache revalidated)
npm http fetch GET 200 https://registry.npmjs.org/cli-progress 137ms (cache revalidated)
npm http fetch GET 200 https://registry.npmjs.org/async 144ms (cache revalidated)
npm http fetch GET 200 https://registry.npmjs.org/chalk 157ms (cache revalidated)
npm http fetch GET 200 https://registry.npmjs.org/glob 157ms (cache revalidated)
npm http fetch GET 200 https://registry.npmjs.org/archiver 167ms (cache revalidated)
npm http fetch GET 200 https://registry.npmjs.org/node-ipc 174ms (cache revalidated)
npm http fetch GET 200 https://registry.npmjs.org/mkdirp 177ms (cache revalidated)
npm http fetch GET 200 https://registry.npmjs.org/git-last-commit 181ms (cache revalidated)
npm http fetch GET 200 https://registry.npmjs.org/request 181ms (cache revalidated)
npm http fetch GET 200 https://registry.npmjs.org/fs-extra 198ms (cache revalidated)
npm http fetch GET 200 https://registry.npmjs.org/mocha 203ms (cache revalidated)
npm http fetch GET 200 https://registry.npmjs.org/uuid 85ms (cache revalidated)
npm http fetch GET 200 https://registry.npmjs.org/windows-release 85ms (cache revalidated)
npm http fetch GET 200 https://registry.npmjs.org/update-notifier 96ms (cache revalidated)
npm http fetch GET 200 https://registry.npmjs.org/table 109ms (cache revalidated)
npm http fetch GET 200 https://registry.npmjs.org/winston 115ms (cache revalidated)
npm http fetch GET 200 https://registry.npmjs.org/tmp 115ms (cache revalidated)
npm http fetch GET 200 https://registry.npmjs.org/decompress 123ms (cache revalidated)
npm http fetch GET 200 https://registry.npmjs.org/yargs 135ms (cache revalidated)
npm http fetch GET 200 https://registry.npmjs.org/arch 127ms (cache revalidated)
npm http fetch GET 200 https://registry.npmjs.org/execa 83ms (cache revalidated)
npm http fetch GET 200 https://registry.npmjs.org/getos 85ms (cache revalidated)
npm http fetch GET 200 https://registry.npmjs.org/is-ci 82ms (cache revalidated)
npm http fetch GET 200 https://registry.npmjs.org/yauzl 70ms (cache revalidated)
npm http fetch GET 200 https://registry.npmjs.org/buffer 66ms (cache revalidated)
npm http fetch GET 200 https://registry.npmjs.org/ospath 58ms (cache revalidated)
npm http fetch GET 200 https://registry.npmjs.org/figures 48ms (cache revalidated)
npm http fetch GET 200 https://registry.npmjs.org/process 61ms (cache revalidated)
npm http fetch GET 200 https://registry.npmjs.org/lodash 86ms (cache revalidated)
npm http fetch GET 200 https://registry.npmjs.org/semver 79ms (cache revalidated)
npm http fetch GET 200 https://registry.npmjs.org/cachedir 64ms (cache revalidated)
npm http fetch GET 200 https://registry.npmjs.org/bluebird 73ms (cache revalidated)
npm http fetch GET 200 https://registry.npmjs.org/enquirer 72ms (cache revalidated)
npm http fetch GET 200 https://registry.npmjs.org/lazy-ass 76ms (cache revalidated)
npm http fetch GET 200 https://registry.npmjs.org/blob-util 65ms (cache revalidated)
npm http fetch GET 200 https://registry.npmjs.org/minimist 78ms (cache revalidated)
npm http fetch GET 200 https://registry.npmjs.org/debug 235ms (cache revalidated)
npm http fetch GET 200 https://registry.npmjs.org/commander 77ms (cache revalidated)
npm http fetch GET 200 https://registry.npmjs.org/cli-cursor 58ms (cache revalidated)
npm http fetch GET 200 https://registry.npmjs.org/untildify 66ms (cache revalidated)
npm http fetch GET 200 https://registry.npmjs.org/cli-table3 62ms (cache revalidated)
npm http fetch GET 200 https://registry.npmjs.org/executable 70ms (cache revalidated)
npm http fetch GET 200 https://registry.npmjs.org/extract-zip 69ms (cache revalidated)
npm http fetch GET 200 https://registry.npmjs.org/common-tags 76ms (cache revalidated)
npm http fetch GET 200 https://registry.npmjs.org/pretty-bytes 57ms (cache revalidated)
npm http fetch GET 200 https://registry.npmjs.org/log-symbols 79ms (cache revalidated)
npm http fetch GET 200 https://registry.npmjs.org/eventemitter2 50ms (cache revalidated)
npm http fetch GET 200 https://registry.npmjs.org/@types%2fsizzle 73ms (cache revalidated)
npm http fetch GET 200 https://registry.npmjs.org/proxy-from-env 53ms (cache revalidated)
npm http fetch GET 200 https://registry.npmjs.org/supports-color 65ms (cache revalidated)
npm http fetch GET 200 https://registry.npmjs.org/request-progress 59ms (cache revalidated)
npm http fetch GET 200 https://registry.npmjs.org/is-installed-globally 56ms (cache revalidated)
npm http fetch GET 200 https://registry.npmjs.org/mochawesome 43ms (cache revalidated)
npm http fetch GET 200 https://registry.npmjs.org/mochawesome-merge 67ms (cache revalidated)
npm http fetch GET 200 https://registry.npmjs.org/gitconfiglocal 744ms (cache revalidated)
npm http fetch GET 200 https://registry.npmjs.org/getmac 750ms (cache revalidated)
npm http fetch GET 200 https://registry.npmjs.org/git-repo-info 769ms (cache revalidated)
npm http fetch GET 200 https://registry.npmjs.org/browserstack-local 778ms (cache revalidated)
npm http fetch GET 200 https://registry.npmjs.org/requestretry 645ms (cache revalidated)
npm http fetch GET 200 https://registry.npmjs.org/@cypress%2fxvfb 342ms (cache revalidated)
npm http fetch GET 200 https://registry.npmjs.org/dayjs 700ms (cache revalidated)
npm http fetch GET 200 https://registry.npmjs.org/listr2 681ms (cache revalidated)
npm http fetch GET 200 https://registry.npmjs.org/check-more-types 648ms (cache revalidated)
npm http fetch GET 200 https://registry.npmjs.org/mochawesome-report-generator 647ms (cache revalidated)
npm http fetch GET 200 https://registry.npmjs.org/@types%2fsinonjs__fake-timers 1288ms (cache revalidated)
npm http fetch GET 200 https://registry.npmjs.org/@cypress%2frequest 1630ms (cache revalidated)
npm http fetch GET 200 https://registry.npmjs.org/readable-stream 85ms (cache revalidated)
npm http fetch GET 200 https://registry.npmjs.org/buffer-crc32 96ms (cache revalidated)
npm http fetch GET 200 https://registry.npmjs.org/is-running 95ms (cache revalidated)
npm http fetch GET 200 https://registry.npmjs.org/tar-stream 98ms (cache revalidated)
npm http fetch GET 200 https://registry.npmjs.org/ansi-styles 97ms (cache revalidated)
npm http fetch GET 200 https://registry.npmjs.org/agent-base 101ms (cache revalidated)
npm http fetch GET 200 https://registry.npmjs.org/readdir-glob 106ms (cache revalidated)
npm http fetch GET 200 https://registry.npmjs.org/string-width 104ms (cache revalidated)
npm http fetch GET 200 https://registry.npmjs.org/decompress-tar 103ms (cache revalidated)
npm http fetch GET 200 https://registry.npmjs.org/https-proxy-agent 110ms (cache revalidated)
npm http fetch GET 200 https://registry.npmjs.org/archiver-utils 128ms (cache revalidated)
npm http fetch GET 200 https://registry.npmjs.org/decompress-tarbz2 123ms (cache revalidated)
npm http fetch GET 200 https://registry.npmjs.org/decompress-targz 79ms (cache revalidated)
npm http fetch GET 200 https://registry.npmjs.org/pify 79ms (cache revalidated)
npm http fetch GET 200 https://registry.npmjs.org/decompress-unzip 89ms (cache revalidated)
npm http fetch GET 200 https://registry.npmjs.org/make-dir 89ms (cache revalidated)
npm http fetch GET 200 https://registry.npmjs.org/graceful-fs 94ms (cache revalidated)
npm http fetch GET 200 https://registry.npmjs.org/universalify 84ms (cache revalidated)
npm http fetch GET 200 https://registry.npmjs.org/graceful-fs 90ms (cache revalidated)
npm http fetch GET 200 https://registry.npmjs.org/strip-dirs 100ms (cache revalidated)
npm http fetch GET 200 https://registry.npmjs.org/once 75ms (cache revalidated)
npm http fetch GET 200 https://registry.npmjs.org/jsonfile 101ms (cache revalidated)
npm http fetch GET 200 https://registry.npmjs.org/ini 82ms (cache revalidated)
npm http fetch GET 200 https://registry.npmjs.org/@types%2fnode 113ms (cache revalidated)
npm http fetch GET 200 https://registry.npmjs.org/inflight 137ms (cache revalidated)
npm http fetch GET 200 https://registry.npmjs.org/inherits 157ms (cache revalidated)
npm http fetch GET 200 https://registry.npmjs.org/browser-stdout 149ms (cache revalidated)
npm http fetch GET 200 https://registry.npmjs.org/minimatch 164ms (cache revalidated)
npm http fetch GET 200 https://registry.npmjs.org/fs.realpath 168ms (cache revalidated)
npm http fetch GET 200 https://registry.npmjs.org/path-is-absolute 168ms (cache revalidated)
npm http fetch GET 200 https://registry.npmjs.org/chokidar 159ms (cache revalidated)
npm http fetch GET 200 https://registry.npmjs.org/escape-string-regexp 158ms (cache revalidated)
npm http fetch GET 200 https://registry.npmjs.org/js-yaml 70ms (cache revalidated)
npm http fetch GET 200 https://registry.npmjs.org/he 86ms (cache revalidated)
npm http fetch GET 200 https://registry.npmjs.org/diff 180ms (cache revalidated)
npm http fetch GET 200 https://registry.npmjs.org/ansi-colors 202ms (cache revalidated)
npm http fetch GET 200 https://registry.npmjs.org/find-up 187ms (cache revalidated)
npm http fetch GET 200 https://registry.npmjs.org/minimatch 62ms (cache revalidated)
npm http fetch GET 200 https://registry.npmjs.org/yargs 43ms (cache hit)
npm http fetch GET 200 https://registry.npmjs.org/ms 79ms (cache revalidated)
npm http fetch GET 200 https://registry.npmjs.org/serialize-javascript 77ms (cache revalidated)
npm http fetch GET 200 https://registry.npmjs.org/strip-json-comments 78ms (cache revalidated)
npm http fetch GET 200 https://registry.npmjs.org/workerpool 77ms (cache revalidated)
npm http fetch GET 200 https://registry.npmjs.org/yargs-parser 76ms (cache revalidated)
npm http fetch GET 200 https://registry.npmjs.org/yargs-unparser 78ms (cache revalidated)
npm http fetch GET 200 https://registry.npmjs.org/js-message 73ms (cache revalidated)
npm http fetch GET 200 https://registry.npmjs.org/event-pubsub 81ms (cache revalidated)
npm http fetch GET 200 https://registry.npmjs.org/js-queue 70ms (cache revalidated)
npm http fetch GET 200 https://registry.npmjs.org/caseless 62ms (cache revalidated)
npm http fetch GET 200 https://registry.npmjs.org/aws-sign2 82ms (cache revalidated)
npm http fetch GET 200 https://registry.npmjs.org/extend 54ms (cache revalidated)
npm http fetch GET 200 https://registry.npmjs.org/aws4 84ms (cache revalidated)
npm http fetch GET 200 https://registry.npmjs.org/combined-stream 68ms (cache revalidated)
npm http fetch GET 200 https://registry.npmjs.org/form-data 59ms (cache revalidated)
npm http fetch GET 200 https://registry.npmjs.org/har-validator 55ms (cache revalidated)
npm http fetch GET 200 https://registry.npmjs.org/is-typedarray 50ms (cache revalidated)
npm http fetch GET 200 https://registry.npmjs.org/http-signature 60ms (cache revalidated)
npm http fetch GET 200 https://registry.npmjs.org/json-stringify-safe 49ms (cache revalidated)
npm http fetch GET 200 https://registry.npmjs.org/isstream 56ms (cache revalidated)
npm http fetch GET 200 https://registry.npmjs.org/forever-agent 94ms (cache revalidated)
npm http fetch GET 200 https://registry.npmjs.org/mime-types 63ms (cache revalidated)
npm http fetch GET 200 https://registry.npmjs.org/oauth-sign 74ms (cache revalidated)
npm http fetch GET 200 https://registry.npmjs.org/performance-now 75ms (cache revalidated)
npm http fetch GET 200 https://registry.npmjs.org/safe-buffer 66ms (cache revalidated)
npm http fetch GET 200 https://registry.npmjs.org/qs 73ms (cache revalidated)
npm http fetch GET 200 https://registry.npmjs.org/tough-cookie 66ms (cache revalidated)
npm http fetch GET 200 https://registry.npmjs.org/tunnel-agent 68ms (cache revalidated)
npm http fetch GET 200 https://registry.npmjs.org/ajv 66ms (cache revalidated)
npm http fetch GET 200 https://registry.npmjs.org/slice-ansi 73ms (cache revalidated)
npm http fetch GET 200 https://registry.npmjs.org/pupa 75ms (cache revalidated)
npm http fetch GET 200 https://registry.npmjs.org/boxen 77ms (cache revalidated)
npm http fetch GET 200 https://registry.npmjs.org/is-npm 75ms (cache revalidated)
npm http fetch GET 200 https://registry.npmjs.org/import-lazy 65ms (cache revalidated)
npm http fetch GET 200 https://registry.npmjs.org/latest-version 67ms (cache revalidated)
npm http fetch GET 200 https://registry.npmjs.org/xdg-basedir 77ms (cache revalidated)
npm http fetch GET 200 https://registry.npmjs.org/temp-fs 648ms (cache revalidated)
npm http fetch GET 200 https://registry.npmjs.org/semver-diff 88ms (cache revalidated)
npm http fetch GET 200 https://registry.npmjs.org/configstore 95ms (cache revalidated)
npm http fetch GET 200 https://registry.npmjs.org/eyes 79ms (cache revalidated)
npm http fetch GET 200 https://registry.npmjs.org/cycle 70ms (cache revalidated)
npm http fetch GET 200 https://registry.npmjs.org/colors 68ms (cache revalidated)
npm http fetch GET 200 https://registry.npmjs.org/stack-trace 65ms (cache revalidated)
npm http fetch GET 200 https://registry.npmjs.org/y18n 61ms (cache revalidated)
npm http fetch GET 200 https://registry.npmjs.org/cliui 57ms (cache revalidated)
npm http fetch GET 200 https://registry.npmjs.org/ps-tree 670ms (cache revalidated)
npm http fetch GET 200 https://registry.npmjs.org/zip-stream 688ms (cache revalidated)
npm http fetch GET 200 https://registry.npmjs.org/set-blocking 63ms (cache revalidated)
npm http fetch GET 200 https://registry.npmjs.org/decamelize 75ms (cache revalidated)
npm http fetch GET 200 https://registry.npmjs.org/which-module 62ms (cache revalidated)
npm http fetch GET 200 https://registry.npmjs.org/require-directory 60ms (cache revalidated)
npm http fetch GET 200 https://registry.npmjs.org/get-caller-file 62ms (cache revalidated)
npm http fetch GET 200 https://registry.npmjs.org/is-in-ci 705ms (cache revalidated)
npm http fetch GET 200 https://registry.npmjs.org/require-main-filename 620ms (cache revalidated)
npm http fetch GET 200 https://registry.npmjs.org/end-of-stream 108ms (cache revalidated)
npm http fetch GET 200 https://registry.npmjs.org/string_decoder 110ms (cache revalidated)
npm http fetch GET 200 https://registry.npmjs.org/bl 110ms (cache revalidated)
npm http fetch GET 200 https://registry.npmjs.org/util-deprecate 112ms (cache revalidated)
npm http fetch GET 200 https://registry.npmjs.org/lodash.isplainobject 115ms (cache revalidated)
npm http fetch GET 200 https://registry.npmjs.org/fs-constants 109ms (cache revalidated)
npm http fetch GET 200 https://registry.npmjs.org/lazystream 118ms (cache revalidated)
npm http fetch GET 200 https://registry.npmjs.org/lodash.flatten 116ms (cache revalidated)
npm http fetch GET 200 https://registry.npmjs.org/lodash.union 116ms (cache revalidated)
npm http fetch GET 200 https://registry.npmjs.org/lodash.difference 118ms (cache revalidated)
npm http fetch GET 200 https://registry.npmjs.org/compress-commons 111ms (cache revalidated)
npm http fetch GET 200 https://registry.npmjs.org/lodash.defaults 120ms (cache revalidated)
npm http fetch GET 200 https://registry.npmjs.org/normalize-path 712ms (cache revalidated)
npm http fetch GET 200 https://registry.npmjs.org/process-nextick-args 128ms (cache revalidated)
npm http fetch GET 200 https://registry.npmjs.org/core-util-is 129ms (cache revalidated)
npm http fetch GET 200 https://registry.npmjs.org/isarray 129ms (cache revalidated)
npm http fetch GET 200 https://registry.npmjs.org/rimraf 116ms (cache revalidated)
npm http fetch GET 200 https://registry.npmjs.org/event-stream 682ms (cache revalidated)
npm http fetch GET 200 https://registry.npmjs.org/has-flag 120ms (cache revalidated)
npm http fetch GET 200 https://registry.npmjs.org/color-convert 122ms (cache revalidated)
npm http fetch GET 200 https://registry.npmjs.org/color-name 58ms (cache revalidated)
npm http fetch GET 200 https://registry.npmjs.org/strip-ansi 60ms (cache revalidated)
npm http fetch GET 200 https://registry.npmjs.org/is-fullwidth-code-point 87ms (cache revalidated)
npm http fetch GET 200 https://registry.npmjs.org/emoji-regex 108ms (cache revalidated)
npm http fetch GET 200 https://registry.npmjs.org/get-stream 150ms (cache revalidated)
npm http fetch GET 200 https://registry.npmjs.org/is-stream 153ms (cache revalidated)
npm http fetch GET 200 https://registry.npmjs.org/ieee754 156ms (cache revalidated)
npm http fetch GET 200 https://registry.npmjs.org/signal-exit 153ms (cache revalidated)
npm http fetch GET 200 https://registry.npmjs.org/get-stream 151ms (cache revalidated)
npm http fetch GET 200 https://registry.npmjs.org/cross-spawn 157ms (cache revalidated)
npm http fetch GET 200 https://registry.npmjs.org/onetime 160ms (cache revalidated)
npm http fetch GET 200 https://registry.npmjs.org/merge-stream 157ms (cache revalidated)
npm http fetch GET 200 https://registry.npmjs.org/lodash.once 166ms (cache revalidated)
npm http fetch GET 200 https://registry.npmjs.org/npm-run-path 160ms (cache revalidated)
npm http fetch GET 200 https://registry.npmjs.org/@colors%2fcolors 166ms (cache revalidated)
npm http fetch GET 200 https://registry.npmjs.org/base64-js 168ms (cache revalidated)
npm http fetch GET 200 https://registry.npmjs.org/restore-cursor 168ms (cache revalidated)
npm http fetch GET 200 https://registry.npmjs.org/strip-final-newline 163ms (cache revalidated)
npm http fetch GET 200 https://registry.npmjs.org/at-least-node 128ms (cache revalidated)
npm http fetch GET 200 https://registry.npmjs.org/through 120ms (cache revalidated)
npm http fetch GET 200 https://registry.npmjs.org/is-path-inside 127ms (cache revalidated)
npm http fetch GET 200 https://registry.npmjs.org/wrap-ansi 120ms (cache revalidated)
npm http fetch GET 200 https://registry.npmjs.org/ci-info 130ms (cache revalidated)
npm http fetch GET 200 https://registry.npmjs.org/rfdc 128ms (cache revalidated)
npm http fetch GET 200 https://registry.npmjs.org/@types%2fyauzl 136ms (cache revalidated)
npm http fetch GET 200 https://registry.npmjs.org/cli-truncate 121ms (cache revalidated)
npm http fetch GET 200 https://registry.npmjs.org/colorette 124ms (cache revalidated)
npm http fetch GET 200 https://registry.npmjs.org/p-map 128ms (cache revalidated)
npm http fetch GET 200 https://registry.npmjs.org/rxjs 131ms (cache revalidated)
npm http fetch GET 200 https://registry.npmjs.org/is-unicode-supported 131ms (cache revalidated)
npm http fetch GET 200 https://registry.npmjs.org/fd-slicer 123ms (cache revalidated)
npm http fetch GET 200 https://registry.npmjs.org/throttleit 128ms (cache revalidated)
npm http fetch GET 200 https://registry.npmjs.org/human-signals 682ms (cache revalidated)
npm http fetch GET 200 https://registry.npmjs.org/global-dirs 659ms (cache revalidated)
npm http fetch GET 200 https://registry.npmjs.org/log-update 713ms (cache revalidated)
npm http fetch GET 200 https://registry.npmjs.org/url-parse 75ms (cache revalidated)
npm http fetch GET 200 https://registry.npmjs.org/punycode 80ms (cache revalidated)
npm http fetch GET 200 https://registry.npmjs.org/side-channel 84ms (cache revalidated)
npm http fetch GET 200 https://registry.npmjs.org/mime-db 85ms (cache revalidated)
npm http fetch GET 200 https://registry.npmjs.org/sshpk 93ms (cache revalidated)
npm http fetch GET 200 https://registry.npmjs.org/delayed-stream 98ms (cache revalidated)
npm http fetch GET 200 https://registry.npmjs.org/psl 95ms (cache revalidated)
npm http fetch GET 200 https://registry.npmjs.org/assert-plus 100ms (cache revalidated)
npm http fetch GET 200 https://registry.npmjs.org/asynckit 278ms (cache revalidated)
npm http fetch GET 200 https://registry.npmjs.org/jsprim 687ms (cache revalidated)
npm http fetch GET 200 https://registry.npmjs.org/yargs 55ms (cache hit)
npm http fetch GET 200 https://registry.npmjs.org/yargs 57ms (cache hit)
npm http fetch GET 200 https://registry.npmjs.org/lodash.isobject 76ms (cache revalidated)
npm http fetch GET 200 https://registry.npmjs.org/escape-html 77ms (cache revalidated)
npm http fetch GET 200 https://registry.npmjs.org/opener 82ms (cache revalidated)
npm http fetch GET 200 https://registry.npmjs.org/prop-types 83ms (cache revalidated)
npm http fetch GET 200 https://registry.npmjs.org/lodash.isstring 91ms (cache revalidated)
npm http fetch GET 200 https://registry.npmjs.org/lodash.isfunction 91ms (cache revalidated)
npm http fetch GET 200 https://registry.npmjs.org/tcomb 86ms (cache revalidated)
npm http fetch GET 200 https://registry.npmjs.org/lodash.isfunction 92ms (cache revalidated)
npm http fetch GET 200 https://registry.npmjs.org/validator 99ms (cache revalidated)
npm http fetch GET 200 https://registry.npmjs.org/tcomb-validation 650ms (cache revalidated)
npm http fetch GET 200 https://registry.npmjs.org/dateformat 671ms (cache revalidated)
npm http fetch GET 200 https://registry.npmjs.org/fsu 693ms (cache revalidated)
npm http fetch GET 200 https://registry.npmjs.org/lodash.isempty 715ms (cache revalidated)
npm http fetch GET 200 https://registry.npmjs.org/seek-bzip 70ms (cache revalidated)
npm http fetch GET 200 https://registry.npmjs.org/is-natural-number 69ms (cache revalidated)
npm http fetch GET 200 https://registry.npmjs.org/file-type 76ms (cache revalidated)
npm http fetch GET 200 https://registry.npmjs.org/unbzip2-stream 79ms (cache revalidated)
npm http fetch GET 200 https://registry.npmjs.org/file-type 84ms (cache revalidated)
npm http fetch GET 200 https://registry.npmjs.org/file-type 87ms (cache revalidated)
npm http fetch GET 200 https://registry.npmjs.org/file-type 91ms (cache revalidated)
npm http fetch GET 200 https://registry.npmjs.org/buffer-alloc 74ms (cache revalidated)
npm http fetch GET 200 https://registry.npmjs.org/xtend 74ms (cache revalidated)
npm http fetch GET 200 https://registry.npmjs.org/to-buffer 75ms (cache revalidated)
npm http fetch GET 200 https://registry.npmjs.org/object-assign 50ms (cache revalidated)
npm http fetch GET 200 https://registry.npmjs.org/pinkie-promise 56ms (cache revalidated)
npm http fetch GET 200 https://registry.npmjs.org/ansi-regex 51ms (cache revalidated)
npm http fetch GET 200 https://registry.npmjs.org/pump 85ms (cache revalidated)
npm http fetch GET 200 https://registry.npmjs.org/path-key 90ms (cache revalidated)
npm http fetch GET 200 https://registry.npmjs.org/shebang-command 90ms (cache revalidated)
npm http fetch GET 200 https://registry.npmjs.org/path-key 90ms (cache revalidated)
npm http fetch GET 200 https://registry.npmjs.org/mimic-fn 90ms (cache revalidated)
npm http fetch GET 200 https://registry.npmjs.org/which 93ms (cache revalidated)
npm http fetch GET 200 https://registry.npmjs.org/shebang-regex 43ms (cache revalidated)
npm http fetch GET 200 https://registry.npmjs.org/isexe 47ms (cache revalidated)
npm http fetch GET 200 https://registry.npmjs.org/@types%2fnode 27ms (cache hit)
npm http fetch GET 200 https://registry.npmjs.org/undici-types 658ms (cache revalidated)
npm http fetch GET 200 https://registry.npmjs.org/pinkie 47ms (cache revalidated)
npm http fetch GET 200 https://registry.npmjs.org/brace-expansion 52ms (cache revalidated)
npm http fetch GET 200 https://registry.npmjs.org/wrappy 53ms (cache revalidated)
npm http fetch GET 200 https://registry.npmjs.org/wrappy 54ms (cache revalidated)
npm http fetch GET 200 https://registry.npmjs.org/json-schema 69ms (cache revalidated)
npm http fetch GET 200 https://registry.npmjs.org/getpass 69ms (cache revalidated)
npm http fetch GET 200 https://registry.npmjs.org/extsprintf 72ms (cache revalidated)
npm http fetch GET 200 https://registry.npmjs.org/bcrypt-pbkdf 69ms (cache revalidated)
npm http fetch GET 200 https://registry.npmjs.org/safer-buffer 76ms (cache revalidated)
npm http fetch GET 200 https://registry.npmjs.org/tweetnacl 76ms (cache revalidated)
npm http fetch GET 200 https://registry.npmjs.org/ecc-jsbn 80ms (cache revalidated)
npm http fetch GET 200 https://registry.npmjs.org/dashdash 84ms (cache revalidated)
npm http fetch GET 200 https://registry.npmjs.org/verror 86ms (cache revalidated)
npm http fetch GET 200 https://registry.npmjs.org/jsbn 87ms (cache revalidated)
npm http fetch GET 200 https://registry.npmjs.org/asn1 88ms (cache revalidated)
npm http fetch GET 200 https://registry.npmjs.org/ansi-escapes 43ms (cache revalidated)
npm http fetch GET 200 https://registry.npmjs.org/aggregate-error 49ms (cache revalidated)
npm http fetch GET 200 https://registry.npmjs.org/tslib 50ms (cache revalidated)
npm http fetch GET 200 https://registry.npmjs.org/astral-regex 61ms (cache revalidated)
npm http fetch GET 200 https://registry.npmjs.org/type-fest 47ms (cache revalidated)
npm http fetch GET 200 https://registry.npmjs.org/balanced-match 42ms (cache revalidated)
npm http fetch GET 200 https://registry.npmjs.org/concat-map 48ms (cache revalidated)
npm http fetch GET 200 https://registry.npmjs.org/is-binary-path 96ms (cache revalidated)
npm http fetch GET 200 https://registry.npmjs.org/fsevents 95ms (cache revalidated)
npm http fetch GET 200 https://registry.npmjs.org/is-glob 99ms (cache revalidated)
npm http fetch GET 200 https://registry.npmjs.org/readdirp 100ms (cache revalidated)
npm http fetch GET 200 https://registry.npmjs.org/path-exists 97ms (cache revalidated)
npm http fetch GET 200 https://registry.npmjs.org/randombytes 97ms (cache revalidated)
npm http fetch GET 200 https://registry.npmjs.org/escalade 94ms (cache revalidated)
npm http fetch GET 200 https://registry.npmjs.org/anymatch 108ms (cache revalidated)
npm http fetch GET 200 https://registry.npmjs.org/argparse 100ms (cache revalidated)
npm http fetch GET 200 https://registry.npmjs.org/glob-parent 108ms (cache revalidated)
npm http fetch GET 200 https://registry.npmjs.org/locate-path 104ms (cache revalidated)
npm http fetch GET 200 https://registry.npmjs.org/camelcase 96ms (cache revalidated)
npm http fetch GET 200 https://registry.npmjs.org/braces 111ms (cache revalidated)
npm http fetch GET 200 https://registry.npmjs.org/is-plain-obj 98ms (cache revalidated)
npm http fetch GET 200 https://registry.npmjs.org/flat 100ms (cache revalidated)
npm http fetch GET 200 https://registry.npmjs.org/is-extglob 57ms (cache revalidated)
npm http fetch GET 200 https://registry.npmjs.org/fill-range 59ms (cache revalidated)
npm http fetch GET 200 https://registry.npmjs.org/picomatch 61ms (cache revalidated)
npm http fetch GET 200 https://registry.npmjs.org/picomatch 68ms (cache revalidated)
npm http fetch GET 200 https://registry.npmjs.org/binary-extensions 254ms (cache revalidated)
npm http fetch GET 200 https://registry.npmjs.org/to-regex-range 44ms (cache revalidated)
npm http fetch GET 200 https://registry.npmjs.org/is-number 48ms (cache revalidated)
npm http fetch GET 200 https://registry.npmjs.org/p-locate 50ms (cache revalidated)
npm http fetch GET 200 https://registry.npmjs.org/p-limit 43ms (cache revalidated)
npm http fetch GET 200 https://registry.npmjs.org/loose-envify 46ms (cache revalidated)
npm http fetch GET 200 https://registry.npmjs.org/react-is 65ms (cache revalidated)
npm http fetch GET 200 https://registry.npmjs.org/easy-stack 43ms (cache revalidated)
npm http fetch GET 200 https://registry.npmjs.org/yocto-queue 53ms (cache revalidated)
npm http fetch GET 200 https://registry.npmjs.org/indent-string 54ms (cache revalidated)
npm http fetch GET 200 https://registry.npmjs.org/clean-stack 657ms (cache revalidated)
npm http fetch GET 200 https://registry.npmjs.org/js-tokens 43ms (cache revalidated)
npm http fetch GET 200 https://registry.npmjs.org/map-stream 63ms (cache revalidated)
npm http fetch GET 200 https://registry.npmjs.org/pause-stream 76ms (cache revalidated)
npm http fetch GET 200 https://registry.npmjs.org/duplexer 79ms (cache revalidated)
npm http fetch GET 200 https://registry.npmjs.org/from 81ms (cache revalidated)
npm http fetch GET 200 https://registry.npmjs.org/split 81ms (cache revalidated)
npm http fetch GET 200 https://registry.npmjs.org/stream-combiner 81ms (cache revalidated)
npm http fetch GET 200 https://registry.npmjs.org/call-bind 69ms (cache revalidated)
npm http fetch GET 200 https://registry.npmjs.org/object-inspect 69ms (cache revalidated)
npm http fetch GET 200 https://registry.npmjs.org/get-intrinsic 73ms (cache revalidated)
npm http fetch GET 200 https://registry.npmjs.org/es-errors 74ms (cache revalidated)
npm http fetch GET 200 https://registry.npmjs.org/ajv 12ms (cache hit)
npm http fetch GET 200 https://registry.npmjs.org/har-schema 44ms (cache revalidated)
npm http fetch GET 200 https://registry.npmjs.org/fast-deep-equal 48ms (cache revalidated)
npm http fetch GET 200 https://registry.npmjs.org/uri-js 52ms (cache revalidated)
npm http fetch GET 200 https://registry.npmjs.org/json-schema-traverse 53ms (cache revalidated)
npm http fetch GET 200 https://registry.npmjs.org/fast-json-stable-stringify 53ms (cache revalidated)
npm http fetch GET 200 https://registry.npmjs.org/function-bind 56ms (cache revalidated)
npm http fetch GET 200 https://registry.npmjs.org/has-symbols 65ms (cache revalidated)
npm http fetch GET 200 https://registry.npmjs.org/es-define-property 76ms (cache revalidated)
npm http fetch GET 200 https://registry.npmjs.org/function-bind 77ms (cache revalidated)
npm http fetch GET 200 https://registry.npmjs.org/hasown 73ms (cache revalidated)
npm http fetch GET 200 https://registry.npmjs.org/has-proto 75ms (cache revalidated)
npm http fetch GET 200 https://registry.npmjs.org/set-function-length 79ms (cache revalidated)
npm http fetch GET 200 https://registry.npmjs.org/has-property-descriptors 52ms (cache revalidated)
npm http fetch GET 200 https://registry.npmjs.org/define-data-property 56ms (cache revalidated)
npm http fetch GET 200 https://registry.npmjs.org/gopd 62ms (cache revalidated)
npm http fetch GET 200 https://registry.npmjs.org/requires-port 44ms (cache revalidated)
npm http fetch GET 200 https://registry.npmjs.org/querystringify 50ms (cache revalidated)
npm http fetch GET 200 https://registry.npmjs.org/ansi-align 60ms (cache revalidated)
npm http fetch GET 200 https://registry.npmjs.org/cli-boxes 63ms (cache revalidated)
npm http fetch GET 200 https://registry.npmjs.org/unique-string 61ms (cache revalidated)
npm http fetch GET 200 https://registry.npmjs.org/dot-prop 66ms (cache revalidated)
npm http fetch GET 200 https://registry.npmjs.org/write-file-atomic 69ms (cache revalidated)
npm http fetch GET 200 https://registry.npmjs.org/escape-goat 68ms (cache revalidated)
npm http fetch GET 200 https://registry.npmjs.org/package-json 74ms (cache revalidated)
npm http fetch GET 200 https://registry.npmjs.org/widest-line 670ms (cache revalidated)
npm http fetch GET 200 https://registry.npmjs.org/eastasianwidth 51ms (cache revalidated)
npm http fetch GET 200 https://registry.npmjs.org/typedarray-to-buffer 52ms (cache revalidated)
npm http fetch GET 200 https://registry.npmjs.org/crypto-random-string 56ms (cache revalidated)
npm http fetch GET 200 https://registry.npmjs.org/imurmurhash 60ms (cache revalidated)
npm http fetch GET 200 https://registry.npmjs.org/is-obj 66ms (cache revalidated)
npm http fetch GET 200 https://registry.npmjs.org/registry-url 49ms (cache revalidated)
npm http fetch GET 200 https://registry.npmjs.org/registry-auth-token 52ms (cache revalidated)
npm http fetch GET 200 https://registry.npmjs.org/got 57ms (cache revalidated)
npm http fetch GET 200 https://registry.npmjs.org/decompress-response 89ms (cache revalidated)
npm http fetch GET 200 https://registry.npmjs.org/p-cancelable 97ms (cache revalidated)
npm http fetch GET 200 https://registry.npmjs.org/cacheable-request 94ms (cache revalidated)
npm http fetch GET 200 https://registry.npmjs.org/lowercase-keys 99ms (cache revalidated)
npm http fetch GET 200 https://registry.npmjs.org/cacheable-lookup 99ms (cache revalidated)
npm http fetch GET 200 https://registry.npmjs.org/http2-wrapper 103ms (cache revalidated)
npm http fetch GET 200 https://registry.npmjs.org/rc 103ms (cache revalidated)
npm http fetch GET 200 https://registry.npmjs.org/responselike 111ms (cache revalidated)
npm http fetch GET 200 https://registry.npmjs.org/@sindresorhus%2fis 113ms (cache revalidated)
npm http fetch GET 200 https://registry.npmjs.org/@szmarczak%2fhttp-timer 364ms (cache revalidated)
npm http fetch GET 200 https://registry.npmjs.org/form-data-encoder 687ms (cache revalidated)
npm http fetch GET 200 https://registry.npmjs.org/@pnpm%2fnpm-conf 1433ms (cache revalidated)
npm http fetch GET 200 https://registry.npmjs.org/@types%2fhttp-cache-semantics 97ms (cache revalidated)
npm http fetch GET 200 https://registry.npmjs.org/http-cache-semantics 97ms (cache revalidated)
npm http fetch GET 200 https://registry.npmjs.org/keyv 99ms (cache revalidated)
npm http fetch GET 200 https://registry.npmjs.org/quick-lru 132ms (cache revalidated)
npm http fetch GET 200 https://registry.npmjs.org/defer-to-connect 141ms (cache revalidated)
npm http fetch GET 200 https://registry.npmjs.org/normalize-url 136ms (cache revalidated)
npm http fetch GET 200 https://registry.npmjs.org/mimic-response 139ms (cache revalidated)
npm http fetch GET 200 https://registry.npmjs.org/mimic-response 139ms (cache revalidated)
npm http fetch GET 200 https://registry.npmjs.org/resolve-alpn 139ms (cache revalidated)
npm http fetch GET 200 https://registry.npmjs.org/json-buffer 40ms (cache revalidated)
npm http fetch GET 200 https://registry.npmjs.org/config-chain 44ms (cache revalidated)
npm http fetch GET 200 https://registry.npmjs.org/@pnpm%2fconfig.env-replace 222ms (cache revalidated)
npm http fetch GET 200 https://registry.npmjs.org/@pnpm%2fnetwork.ca-file 229ms (cache revalidated)
npm http fetch GET 200 https://registry.npmjs.org/proto-list 50ms (cache revalidated)
npm http fetch GET 200 https://registry.npmjs.org/deep-extend 46ms (cache revalidated)
npm http fetch GET 200 https://registry.npmjs.org/pend 42ms (cache revalidated)
npm http fetch GET 200 https://registry.npmjs.org/crc32-stream 45ms (cache revalidated)
npm http fetch GET 200 https://registry.npmjs.org/crc-32 44ms (cache revalidated)
npm http fetch GET 200 https://registry.npmjs.org/buffer-fill 43ms (cache revalidated)
npm http fetch GET 200 https://registry.npmjs.org/buffer-alloc-unsafe 45ms (cache revalidated)
npm http fetch GET 200 https://registry.npmjs.org/p-try 38ms (cache revalidated)
npm verbose reify failed optional dependency C:\Users\bruno\OneDrive\Documentos\PGATS\Automação de Testes Web - Prof. Samuel Lucas\automacao-web-pgats\tmpBstackPackages\node_modules\fsevents
npm http fetch POST 200 https://registry.npmjs.org/-/npm/v1/security/advisories/bulk 724ms
npm warn deprecated inflight@1.0.6: This module is not supported, and leaks memory. Do not use it. Check out lru-cache if you want a good and tested way to coalesce async requests by a key value, which is much more comprehensive and powerful.
npm warn deprecated rimraf@2.5.4: Rimraf versions prior to v4 are no longer supported
npm warn deprecated har-validator@5.1.5: this library is no longer supported
npm warn deprecated glob@7.2.3: Glob versions prior to v9 are no longer supported
npm warn deprecated glob@8.1.0: Glob versions prior to v9 are no longer supported
npm http fetch GET 200 https://registry.npmjs.org/tough-cookie 1034ms (cache revalidated)
npm http fetch GET 200 https://registry.npmjs.org/request 1080ms (cache revalidated)
npm warn deprecated uuid@3.4.0: Please upgrade  to version 7 or higher.  Older versions may use Math.random() in certain circumstances, which is known to be problematic.  See https://v8.dev/blog/math-random for details.
npm warn deprecated request@2.88.2: request has been deprecated, see https://github.com/request/request/issues/3142
npm http fetch GET 200 https://registry.npmjs.org/browserstack-cypress-cli 792ms (cache revalidated)
npm info run cypress@13.13.2 postinstall node_modules/cypress node index.js --exec install
npm info run cypress@13.13.2 postinstall { code: 0, signal: null }

added 501 packages, and audited 502 packages in 36s

96 packages are looking for funding
  run `npm fund` for details

3 moderate severity vulnerabilities

To address all issues (including breaking changes), run:
  npm audit fix --force

Run `npm audit` for details.
npm verbose cwd C:\Users\bruno\OneDrive\Documentos\PGATS\Automação de Testes Web - Prof. Samuel Lucas\automacao-web-pgats\tmpBstackPackages
npm verbose os Windows_NT 10.0.22631
npm verbose node v20.12.1
npm verbose npm  v10.8.1
npm verbose exit 0
npm info ok
